Arguments: 
  C:\Program Files\nodejs\node.exe C:\Users\Saravanakumar\AppData\Roaming\npm\node_modules\yarn\bin\yarn.js add firebase

PATH: 
  D:\Installations\cmder\bin;D:\Installations\cmder\vendor\conemu-maximus5\ConEmu\Scripts;D:\Installations\cmder\vendor\conemu-maximus5;D:\Installations\cmder\vendor\conemu-maximus5\ConEmu;C:\ProgramData\Oracle\Java\javapath;C:\Program Files (x86)\Intel\Intel(R) Management Engine Components\iCLS\;C:\Program Files\Intel\Intel(R) Management Engine Components\iCLS\;C:\Windows\system32;C:\Windows;C:\Windows\System32\Wbem;C:\Windows\System32\WindowsPowerShell\v1.0\;C:\Program Files (x86)\Intel\Intel(R) Management Engine Components\DAL;C:\Program Files\Intel\Intel(R) Management Engine Components\DAL;C:\Program Files (x86)\Intel\Intel(R) Management Engine Components\IPT;C:\Program Files\Intel\Intel(R) Management Engine Components\IPT;C:\Program Files (x86)\NVIDIA Corporation\PhysX\Common;C:\WINDOWS\system32;C:\WINDOWS;C:\WINDOWS\System32\Wbem;C:\WINDOWS\System32\WindowsPowerShell\v1.0\;C:\Program Files\dotnet\;C:\Program Files\Microsoft SQL Server\130\Tools\Binn\;C:\Program Files\nodejs\;C:\Program Files\Git\cmd;C:\Users\Saravanakumar\scoop\apps\python\current\scripts;C:\Users\Saravanakumar\AppData\Local\Programs\Python\Launcher\;C:\Users\Saravanakumar\scoop\shims;C:\Users\Saravanakumar\AppData\Local\Microsoft\WindowsApps;C:\Users\Saravanakumar\AppData\Roaming\npm;C:\Program Files\Microsoft VS Code\bin;C:\Users\Saravanakumar\AppData\Local\GitHubDesktop\bin;C:\Program Files\Heroku\bin\heroku;C:\Program Files\Git\usr\bin;C:\Program Files\Git\usr\share\vim\vim74;D:\Installations\cmder\

Yarn version: 
  1.3.2

Node version: 
  9.3.0

Platform: 
  win32 x64

npm manifest: 
  {
    "name": "HelloReactNative",
    "version": "0.1.0",
    "private": true,
    "devDependencies": {
      "jest-expo": "^22.0.0",
      "react-native-scripts": "^1.7.0",
      "react-test-renderer": "16.0.0-beta.5"
    },
    "main": "./node_modules/react-native-scripts/build/bin/crna-entry.js",
    "scripts": {
      "start": "react-native-scripts start",
      "eject": "react-native-scripts eject",
      "android": "react-native-scripts android",
      "ios": "react-native-scripts ios",
      "test": "node node_modules/jest/bin/jest.js --watch"
    },
    "jest": {
      "preset": "jest-expo"
    },
    "dependencies": {
      "expo": "^22.0.2",
      "react": "^16.0.0",
      "react-native": "^0.49.5",
      "react-native-branch": "^2.2.4",
      "react-native-maps": "^0.19.0",
      "react-navigation": "^1.0.0-beta.28"
    }
  }

yarn manifest: 
  No manifest

Lockfile: 
  No lockfile

Trace: 
  Error: EPERM: operation not permitted, unlink 'E:\react\Projects\HelloReactNative-v0.1.0\package\node_modules\xdl\binaries\windows\adb\adb.exe'
